<?xml version="1.0" encoding="UTF-8"?>
<testng-results skipped="0" failed="0" ignored="0" total="1" passed="1">
  <reporter-output>
  </reporter-output>
  <suite name="Default suite" duration-ms="12496" started-at="2021-01-19T14:11:14 CST" finished-at="2021-01-19T14:11:27 CST">
    <groups>
    </groups>
    <test name="Default test" duration-ms="12496" started-at="2021-01-19T14:11:14 CST" finished-at="2021-01-19T14:11:27 CST">
      <class name="VAriousConcept.LearnTestNG">
        <test-method status="PASS" signature="init()[pri:0, instance:VAriousConcept.LearnTestNG@2a17b7b6]" name="init" is-config="true" duration-ms="9440" started-at="2021-01-19T14:11:15 CST" finished-at="2021-01-19T14:11:24 CST">
          <reporter-output>
          </reporter-output>
        </test-method> <!-- init -->
        <test-method status="PASS" signature="loginTest()[pri:0, instance:VAriousConcept.LearnTestNG@2a17b7b6]" name="loginTest" duration-ms="2033" started-at="2021-01-19T14:11:24 CST" finished-at="2021-01-19T14:11:26 CST">
          <reporter-output>
          </reporter-output>
        </test-method> <!-- loginTest -->
        <test-method status="PASS" signature="TearDown()[pri:0, instance:VAriousConcept.LearnTestNG@2a17b7b6]" name="TearDown" is-config="true" duration-ms="952" started-at="2021-01-19T14:11:26 CST" finished-at="2021-01-19T14:11:27 CST">
          <reporter-output>
          </reporter-output>
        </test-method> <!-- TearDown -->
      </class> <!-- VAriousConcept.LearnTestNG -->
    </test> <!-- Default test -->
  </suite> <!-- Default suite -->
</testng-results>
